# JRE version: OpenJDK Runtime Environment (8.0_242-b01) (build 1.8.0_242-release-1644-b01)
# Java VM: OpenJDK 64-Bit Server VM (25.242-b01 mixed mode windows-amd64 compressed oops)
Heap:
 PSYoungGen      total 300032K, used 159541K [0x00000000e0000000, 0x00000000f4080000, 0x0000000100000000)
  eden space 279040K, 56% used [0x00000000e0000000,0x00000000e9985450,0x00000000f1080000)
  from space 20992K, 11% used [0x00000000f2c00000,0x00000000f2e48010,0x00000000f4080000)
  to   space 24576K, 0% used [0x00000000f1080000,0x00000000f1080000,0x00000000f2880000)
 ParOldGen       total 157696K, used 79635K [0x00000000a0000000, 0x00000000a9a00000, 0x00000000e0000000)
  object space 157696K, 50% used [0x00000000a0000000,0x00000000a4dc4ce0,0x00000000a9a00000)
 Metaspace       used 75348K, capacity 77760K, committed 78040K, reserved 1116160K
  class space    used 9889K, capacity 10403K, committed 10496K, reserved 1048576K
GC Heap History (10 events):
Event: 27.769 GC heap before
{Heap before GC invocations=15 (full 3):
 PSYoungGen      total 167936K, used 146944K [0x00000000e0000000, 0x00000000efd00000, 0x0000000100000000)
  eden space 146944K, 100% used [0x00000000e0000000,0x00000000e8f80000,0x00000000e8f80000)
  from space 20992K, 0% used [0x00000000e8f80000,0x00000000e8f80000,0x00000000ea400000)
  to   space 19968K, 0% used [0x00000000ee980000,0x00000000ee980000,0x00000000efd00000)
 ParOldGen       total 157696K, used 34575K [0x00000000a0000000, 0x00000000a9a00000, 0x00000000e0000000)
  object space 157696K, 21% used [0x00000000a0000000,0x00000000a21c3c58,0x00000000a9a00000)
 Metaspace       used 62724K, capacity 64410K, committed 64600K, reserved 1105920K
  class space    used 8399K, capacity 8820K, committed 8832K, reserved 1048576K
Event: 27.805 GC heap after
Heap after GC invocations=15 (full 3):
 PSYoungGen      total 224768K, used 19942K [0x00000000e0000000, 0x00000000efd00000, 0x0000000100000000)
  eden space 204800K, 0% used [0x00000000e0000000,0x00000000e0000000,0x00000000ec800000)
  from space 19968K, 99% used [0x00000000ee980000,0x00000000efcf99a8,0x00000000efd00000)
  to   space 25600K, 0% used [0x00000000ecb00000,0x00000000ecb00000,0x00000000ee400000)
 ParOldGen       total 157696K, used 43079K [0x00000000a0000000, 0x00000000a9a00000, 0x00000000e0000000)
  object space 157696K, 27% used [0x00000000a0000000,0x00000000a2a11d18,0x00000000a9a00000)
 Metaspace       used 62724K, capacity 64410K, committed 64600K, reserved 1105920K
  class space    used 8399K, capacity 8820K, committed 8832K, reserved 1048576K
}
Event: 32.788 GC heap before
{Heap before GC invocations=16 (full 3):
 PSYoungGen      total 224768K, used 224742K [0x00000000e0000000, 0x00000000efd00000, 0x0000000100000000)
  eden space 204800K, 100% used [0x00000000e0000000,0x00000000ec800000,0x00000000ec800000)
  from space 19968K, 99% used [0x00000000ee980000,0x00000000efcf99a8,0x00000000efd00000)
  to   space 25600K, 0% used [0x00000000ecb00000,0x00000000ecb00000,0x00000000ee400000)
 ParOldGen       total 157696K, used 43079K [0x00000000a0000000, 0x00000000a9a00000, 0x00000000e0000000)
  object space 157696K, 27% used [0x00000000a0000000,0x00000000a2a11d18,0x00000000a9a00000)
 Metaspace       used 64363K, capacity 66074K, committed 66392K, reserved 1105920K
  class space    used 8608K, capacity 9012K, committed 9088K, reserved 1048576K
Event: 32.905 GC heap after
Heap after GC invocations=16 (full 3):
 PSYoungGen      total 233472K, used 9218K [0x00000000e0000000, 0x00000000f4480000, 0x0000000100000000)
  eden space 207872K, 0% used [0x00000000e0000000,0x00000000e0000000,0x00000000ecb00000)
  from space 25600K, 36% used [0x00000000ecb00000,0x00000000ed400998,0x00000000ee400000)
  to   space 25088K, 0% used [0x00000000f2c00000,0x00000000f2c00000,0x00000000f4480000)
 ParOldGen       total 157696K, used 58355K [0x00000000a0000000, 0x00000000a9a00000, 0x00000000e0000000)
  object space 157696K, 37% used [0x00000000a0000000,0x00000000a38fcc20,0x00000000a9a00000)
 Metaspace       used 64363K, capacity 66074K, committed 66392K, reserved 1105920K
  class space    used 8608K, capacity 9012K, committed 9088K, reserved 1048576K
}
Event: 40.271 GC heap before
{Heap before GC invocations=17 (full 3):
 PSYoungGen      total 233472K, used 217090K [0x00000000e0000000, 0x00000000f4480000, 0x0000000100000000)
  eden space 207872K, 100% used [0x00000000e0000000,0x00000000ecb00000,0x00000000ecb00000)
  from space 25600K, 36% used [0x00000000ecb00000,0x00000000ed400998,0x00000000ee400000)
  to   space 25088K, 0% used [0x00000000f2c00000,0x00000000f2c00000,0x00000000f4480000)
 ParOldGen       total 157696K, used 58355K [0x00000000a0000000, 0x00000000a9a00000, 0x00000000e0000000)
  object space 157696K, 37% used [0x00000000a0000000,0x00000000a38fcc20,0x00000000a9a00000)
 Metaspace       used 65070K, capacity 66746K, committed 67032K, reserved 1107968K
  class space    used 8706K, capacity 9108K, committed 9216K, reserved 1048576K
Event: 40.303 GC heap after
Heap after GC invocations=17 (full 3):
 PSYoungGen      total 300032K, used 6663K [0x00000000e0000000, 0x00000000f4080000, 0x0000000100000000)
  eden space 279040K, 0% used [0x00000000e0000000,0x00000000e0000000,0x00000000f1080000)
  from space 20992K, 31% used [0x00000000f2c00000,0x00000000f3281ed8,0x00000000f4080000)
  to   space 24576K, 0% used [0x00000000f1080000,0x00000000f1080000,0x00000000f2880000)
 ParOldGen       total 157696K, used 66256K [0x00000000a0000000, 0x00000000a9a00000, 0x00000000e0000000)
  object space 157696K, 42% used [0x00000000a0000000,0x00000000a40b41c0,0x00000000a9a00000)
 Metaspace       used 65070K, capacity 66746K, committed 67032K, reserved 1107968K
  class space    used 8706K, capacity 9108K, committed 9216K, reserved 1048576K
}
Event: 48.011 GC heap before
{Heap before GC invocations=18 (full 3):
 PSYoungGen      total 300032K, used 285703K [0x00000000e0000000, 0x00000000f4080000, 0x0000000100000000)
  eden space 279040K, 100% used [0x00000000e0000000,0x00000000f1080000,0x00000000f1080000)
  from space 20992K, 31% used [0x00000000f2c00000,0x00000000f3281ed8,0x00000000f4080000)
  to   space 24576K, 0% used [0x00000000f1080000,0x00000000f1080000,0x00000000f2880000)
 ParOldGen       total 157696K, used 66256K [0x00000000a0000000, 0x00000000a9a00000, 0x00000000e0000000)
  object space 157696K, 42% used [0x00000000a0000000,0x00000000a40b41c0,0x00000000a9a00000)
 Metaspace       used 73473K, capacity 75576K, committed 75736K, reserved 1114112K
  class space    used 9690K, capacity 10173K, committed 10240K, reserved 1048576K
Event: 48.145 GC heap after
Heap after GC invocations=18 (full 3):
 PSYoungGen      total 303616K, used 18903K [0x00000000e0000000, 0x00000000f4080000, 0x0000000100000000)
  eden space 279040K, 0% used [0x00000000e0000000,0x00000000e0000000,0x00000000f1080000)
  from space 24576K, 76% used [0x00000000f1080000,0x00000000f22f5d58,0x00000000f2880000)
  to   space 20992K, 0% used [0x00000000f2c00000,0x00000000f2c00000,0x00000000f4080000)
 ParOldGen       total 157696K, used 68396K [0x00000000a0000000, 0x00000000a9a00000, 0x00000000e0000000)
  object space 157696K, 43% used [0x00000000a0000000,0x00000000a42cb308,0x00000000a9a00000)
 Metaspace       used 73473K, capacity 75576K, committed 75736K, reserved 1114112K
  class space    used 9690K, capacity 10173K, committed 10240K, reserved 1048576K
}
Event: 50.087 GC heap before
{Heap before GC invocations=19 (full 3):
 PSYoungGen      total 303616K, used 297943K [0x00000000e0000000, 0x00000000f4080000, 0x0000000100000000)
  eden space 279040K, 100% used [0x00000000e0000000,0x00000000f1080000,0x00000000f1080000)
  from space 24576K, 76% used [0x00000000f1080000,0x00000000f22f5d58,0x00000000f2880000)
  to   space 20992K, 0% used [0x00000000f2c00000,0x00000000f2c00000,0x00000000f4080000)
 ParOldGen       total 157696K, used 68396K [0x00000000a0000000, 0x00000000a9a00000, 0x00000000e0000000)
  object space 157696K, 43% used [0x00000000a0000000,0x00000000a42cb308,0x00000000a9a00000)
 Metaspace       used 73582K, capacity 75676K, committed 75992K, reserved 1116160K
  class space    used 9693K, capacity 10177K, committed 10240K, reserved 1048576K
Event: 50.117 GC heap after
Heap after GC invocations=19 (full 3):
 PSYoungGen      total 300032K, used 2336K [0x00000000e0000000, 0x00000000f4080000, 0x0000000100000000)
  eden space 279040K, 0% used [0x00000000e0000000,0x00000000e0000000,0x00000000f1080000)
  from space 20992K, 11% used [0x00000000f2c00000,0x00000000f2e48010,0x00000000f4080000)
  to   space 24576K, 0% used [0x00000000f1080000,0x00000000f1080000,0x00000000f2880000)
 ParOldGen       total 157696K, used 79635K [0x00000000a0000000, 0x00000000a9a00000, 0x00000000e0000000)
  object space 157696K, 50% used [0x00000000a0000000,0x00000000a4dc4ce0,0x00000000a9a00000)
 Metaspace       used 73582K, capacity 75676K, committed 75992K, reserved 1116160K
  class space    used 9693K, capacity 10177K, committed 10240K, reserved 1048576K
}

